TN:
SF:backend\controllers\user.controller.js
FN:1,(anonymous_0)
FN:13,(anonymous_1)
FNF:2
FNH:2
FNDA:2,(anonymous_0)
FNDA:3,(anonymous_1)
DA:1,1
DA:2,2
DA:3,2
DA:4,1
DA:6,1
DA:8,1
DA:9,1
DA:13,1
DA:14,3
DA:15,3
DA:17,3
DA:19,3
DA:20,1
DA:25,2
DA:26,1
DA:28,1
DA:29,0
DA:34,1
DA:36,1
DA:37,1
LF:20
LH:19
BRDA:19,0,0,1
BRDA:19,0,1,2
BRDA:19,1,0,3
BRDA:19,1,1,3
BRDA:19,1,2,3
BRDA:28,2,0,0
BRDA:28,2,1,1
BRDA:28,3,0,1
BRDA:28,3,1,1
BRF:9
BRH:8
end_of_record
TN:
SF:backend\routes\user.route.js
FNF:0
FNH:0
DA:4,1
DA:7,1
DA:10,1
LF:3
LH:3
BRF:0
BRH:0
end_of_record
